app/build/outputs/logs/manifest-merger-release-report.txt
-- Merging decision tree log ---
manifest
ADDED from src/main/AndroidManifest.xml:16:1-158:12
	package
		ADDED from src/main/AndroidManifest.xml:17:5-30
		INJECTED from src/main/AndroidManifest.xml
		INJECTED from src/main/AndroidManifest.xml
	android:versionName
		INJECTED from src/main/AndroidManifest.xml
		INJECTED from src/main/AndroidManifest.xml
	xmlns:android
		ADDED from src/main/AndroidManifest.xml:16:11-69
	android:versionCode
		INJECTED from src/main/AndroidManifest.xml
		INJECTED from src/main/AndroidManifest.xml
uses-permission#android.permission.INTERNET
ADDED from src/main/AndroidManifest.xml:19:5-67
MERGED from [com.google.android.gms:play-services-gcm:7.8.0] AndroidManifest.xml:22:5-67
	android:name
		ADDED from src/main/AndroidManifest.xml:19:22-64
uses-permission#android.permission.CAMERA
ADDED from src/main/AndroidManifest.xml:20:5-65
	android:name
		ADDED from src/main/AndroidManifest.xml:20:22-62
uses-permission#android.permission.ACCESS_NETWORK_STATE
ADDED from src/main/AndroidManifest.xml:21:5-79
	android:name
		ADDED from src/main/AndroidManifest.xml:21:22-76
uses-permission#android.permission.ACCESS_WIFI_STATE
ADDED from src/main/AndroidManifest.xml:22:5-76
	android:name
		ADDED from src/main/AndroidManifest.xml:22:22-73
uses-permission#android.permission.WAKE_LOCK
ADDED from src/main/AndroidManifest.xml:23:5-67
	android:name
		ADDED from src/main/AndroidManifest.xml:23:22-65
uses-permission#com.google.android.c2dm.permission.RECEIVE
ADDED from src/main/AndroidManifest.xml:24:5-82
MERGED from [com.google.android.gms:play-services-gcm:7.8.0] AndroidManifest.xml:21:5-82
	android:name
		ADDED from src/main/AndroidManifest.xml:24:22-79
permission#com.amazon.mysampleapp.permission.C2D_MESSAGE
ADDED from src/main/AndroidManifest.xml:25:5-26:47
	android:protectionLevel
		ADDED from src/main/AndroidManifest.xml:26:9-44
	android:name
		ADDED from src/main/AndroidManifest.xml:25:17-77
uses-permission#com.amazon.mysampleapp.permission.C2D_MESSAGE
ADDED from src/main/AndroidManifest.xml:27:5-85
	android:name
		ADDED from src/main/AndroidManifest.xml:27:22-82
uses-permission#android.permission.READ_EXTERNAL_STORAGE
ADDED from src/main/AndroidManifest.xml:28:5-80
	android:name
		ADDED from src/main/AndroidManifest.xml:28:22-77
application
ADDED from src/main/AndroidManifest.xml:30:5-157:19
MERGED from [com.android.support:appcompat-v7:23.1.0] AndroidManifest.xml:22:5-20
MERGED from [com.android.support:support-v13:23.1.0] AndroidManifest.xml:22:5-20
MERGED from [com.google.android.gms:play-services-gcm:7.8.0] AndroidManifest.xml:24:5-20
MERGED from [com.google.android.gms:play-services-base:7.8.0] AndroidManifest.xml:20:5-24:19
MERGED from [com.android.support:support-v4:23.1.0] AndroidManifest.xml:22:5-20
	android:label
		ADDED from src/main/AndroidManifest.xml:33:9-41
	android:allowBackup
		ADDED from src/main/AndroidManifest.xml:31:9-35
	android:icon
		ADDED from src/main/AndroidManifest.xml:32:9-48
	android:theme
		ADDED from src/main/AndroidManifest.xml:35:9-40
	android:name
		ADDED from src/main/AndroidManifest.xml:36:9-51
activity#com.mysampleapp.SplashActivity
ADDED from src/main/AndroidManifest.xml:39:5-47:16
	android:label
		ADDED from src/main/AndroidManifest.xml:41:9-41
	android:configChanges
		ADDED from src/main/AndroidManifest.xml:42:9-79
	android:name
		ADDED from src/main/AndroidManifest.xml:40:9-39
intent-filter#android.intent.action.MAIN+android.intent.category.LAUNCHER
ADDED from src/main/AndroidManifest.xml:43:9-46:25
action#android.intent.action.MAIN
ADDED from src/main/AndroidManifest.xml:44:13-65
	android:name
		ADDED from src/main/AndroidManifest.xml:44:21-62
category#android.intent.category.LAUNCHER
ADDED from src/main/AndroidManifest.xml:45:13-73
	android:name
		ADDED from src/main/AndroidManifest.xml:45:23-70
activity#com.mysampleapp.SignInActivity
ADDED from src/main/AndroidManifest.xml:48:5-53:16
	android:label
		ADDED from src/main/AndroidManifest.xml:50:9-55
	android:configChanges
		ADDED from src/main/AndroidManifest.xml:51:9-79
	android:name
		ADDED from src/main/AndroidManifest.xml:49:9-39
activity#com.mysampleapp.demo.userpools.ForgotPasswordActivity
ADDED from src/main/AndroidManifest.xml:54:5-59:16
	android:label
		ADDED from src/main/AndroidManifest.xml:56:9-63
	android:configChanges
		ADDED from src/main/AndroidManifest.xml:57:9-79
	android:name
		ADDED from src/main/AndroidManifest.xml:55:9-62
activity#com.mysampleapp.demo.userpools.SignUpActivity
ADDED from src/main/AndroidManifest.xml:60:5-65:16
	android:label
		ADDED from src/main/AndroidManifest.xml:62:9-55
	android:configChanges
		ADDED from src/main/AndroidManifest.xml:63:9-79
	android:name
		ADDED from src/main/AndroidManifest.xml:61:9-54
activity#com.mysampleapp.demo.userpools.MFAActivity
ADDED from src/main/AndroidManifest.xml:66:5-71:16
	android:label
		ADDED from src/main/AndroidManifest.xml:68:9-51
	android:configChanges
		ADDED from src/main/AndroidManifest.xml:69:9-79
	android:name
		ADDED from src/main/AndroidManifest.xml:67:9-51
activity#com.mysampleapp.demo.userpools.SignUpConfirmActivity
ADDED from src/main/AndroidManifest.xml:72:5-77:16
	android:label
		ADDED from src/main/AndroidManifest.xml:74:9-63
	android:configChanges
		ADDED from src/main/AndroidManifest.xml:75:9-79
	android:name
		ADDED from src/main/AndroidManifest.xml:73:9-61
activity#com.mysampleapp.MainActivity
ADDED from src/main/AndroidManifest.xml:78:5-82:16
	android:label
		ADDED from src/main/AndroidManifest.xml:81:9-52
	android:launchMode
		ADDED from src/main/AndroidManifest.xml:80:9-44
	android:name
		ADDED from src/main/AndroidManifest.xml:79:9-37
activity#com.mysampleapp.camera.CameraActivity
ADDED from src/main/AndroidManifest.xml:83:5-88:16
	android:label
		ADDED from src/main/AndroidManifest.xml:85:9-41
	android:configChanges
		ADDED from src/main/AndroidManifest.xml:86:9-79
	android:name
		ADDED from src/main/AndroidManifest.xml:84:9-46
activity#com.mysampleapp.ResultActivity
ADDED from src/main/AndroidManifest.xml:89:5-94:16
	android:label
		ADDED from src/main/AndroidManifest.xml:91:9-41
	android:configChanges
		ADDED from src/main/AndroidManifest.xml:92:9-79
	android:name
		ADDED from src/main/AndroidManifest.xml:90:9-39
service#com.amazonaws.mobileconnectors.s3.transferutility.TransferService
ADDED from src/main/AndroidManifest.xml:103:9-124
	android:enabled
		ADDED from src/main/AndroidManifest.xml:103:99-121
	android:name
		ADDED from src/main/AndroidManifest.xml:103:18-98
service#com.amazonaws.mobile.downloader.service.DownloadService
ADDED from src/main/AndroidManifest.xml:105:9-91
	android:name
		ADDED from src/main/AndroidManifest.xml:105:18-88
receiver#com.amazonaws.mobile.downloader.service.NetworkStateListener
ADDED from src/main/AndroidManifest.xml:107:9-113:20
	android:enabled
		ADDED from src/main/AndroidManifest.xml:109:19-42
	android:exported
		ADDED from src/main/AndroidManifest.xml:108:19-43
	android:name
		ADDED from src/main/AndroidManifest.xml:107:19-94
intent-filter#android.net.conn.CONNECTIVITY_CHANGE
ADDED from src/main/AndroidManifest.xml:110:13-112:29
action#android.net.conn.CONNECTIVITY_CHANGE
ADDED from src/main/AndroidManifest.xml:111:17-78
	android:name
		ADDED from src/main/AndroidManifest.xml:111:25-76
provider#com.amazonaws.mobile.downloader.query.DownloadQueueProvider
ADDED from src/main/AndroidManifest.xml:115:9-120:20
	android:authorities
		ADDED from src/main/AndroidManifest.xml:117:13-76
	android:enabled
		ADDED from src/main/AndroidManifest.xml:118:13-35
	android:exported
		ADDED from src/main/AndroidManifest.xml:119:13-37
	android:name
		ADDED from src/main/AndroidManifest.xml:116:6-80
provider#android.support.v4.content.FileProvider
ADDED from src/main/AndroidManifest.xml:122:9-130:20
	android:authorities
		ADDED from src/main/AndroidManifest.xml:124:13-74
	android:grantUriPermissions
		ADDED from src/main/AndroidManifest.xml:126:13-47
	android:exported
		ADDED from src/main/AndroidManifest.xml:125:13-37
	android:name
		ADDED from src/main/AndroidManifest.xml:123:13-67
meta-data#android.support.FILE_PROVIDER_PATHS
ADDED from src/main/AndroidManifest.xml:127:13-129:66
	android:resource
		ADDED from src/main/AndroidManifest.xml:129:17-63
	android:name
		ADDED from src/main/AndroidManifest.xml:128:17-67
receiver#com.google.android.gms.gcm.GcmReceiver
ADDED from src/main/AndroidManifest.xml:137:9-145:20
	android:exported
		ADDED from src/main/AndroidManifest.xml:139:13-36
	android:permission
		ADDED from src/main/AndroidManifest.xml:140:13-73
	android:name
		ADDED from src/main/AndroidManifest.xml:138:13-66
intent-filter#@string/google_cloud_messaging_package+com.google.android.c2dm.intent.RECEIVE
ADDED from src/main/AndroidManifest.xml:141:13-144:29
action#com.google.android.c2dm.intent.RECEIVE
ADDED from src/main/AndroidManifest.xml:142:17-81
	android:name
		ADDED from src/main/AndroidManifest.xml:142:25-78
category#@string/google_cloud_messaging_package
ADDED from src/main/AndroidManifest.xml:143:17-83
	android:name
		ADDED from src/main/AndroidManifest.xml:143:27-80
service#com.mysampleapp.PushListenerService
ADDED from src/main/AndroidManifest.xml:147:9-153:19
	android:exported
		ADDED from src/main/AndroidManifest.xml:149:13-37
	android:name
		ADDED from src/main/AndroidManifest.xml:148:13-48
intent-filter#com.google.android.c2dm.intent.RECEIVE
ADDED from src/main/AndroidManifest.xml:150:13-152:29
uses-sdk
INJECTED from src/main/AndroidManifest.xml reason: use-sdk injection requested
MERGED from [com.android.support:appcompat-v7:23.1.0] AndroidManifest.xml:20:5-43
MERGED from [com.android.support:support-v13:23.1.0] AndroidManifest.xml:20:5-44
MERGED from [com.android.support:recyclerview-v7:23.1.0] AndroidManifest.xml:20:5-43
MERGED from [com.google.android.gms:play-services-gcm:7.8.0] AndroidManifest.xml:18:5-42
MERGED from [com.google.android.gms:play-services-base:7.8.0] AndroidManifest.xml:18:5-42
MERGED from [com.android.support:support-v4:23.1.0] AndroidManifest.xml:20:5-43
	android:targetSdkVersion
		INJECTED from src/main/AndroidManifest.xml
		INJECTED from src/main/AndroidManifest.xml
	android:minSdkVersion
		INJECTED from src/main/AndroidManifest.xml
		INJECTED from src/main/AndroidManifest.xml
meta-data#com.google.android.gms.version
ADDED from [com.google.android.gms:play-services-base:7.8.0] AndroidManifest.xml:21:9-23:69
	android:value
		ADDED from [com.google.android.gms:play-services-base:7.8.0] AndroidManifest.xml:23:13-66
	android:name
		ADDED from [com.google.android.gms:play-services-base:7.8.0] AndroidManifest.xml:22:13-58